This is pdfTeX, Version 3.14159265-2.6-1.40.18 (MiKTeX 2.9.6500 64-bit) (preloaded format=pdflatex 2018.1.23)  24 APR 2018 18:40
entering extended mode
**C:/Users/hees/Documents/GitHub/bursty-POT/article_springer/article_springer_s
ubmissionfile.tex

(C:/Users/hees/Documents/GitHub/bursty-POT/article_springer/article_springer_su
bmissionfile.tex
LaTeX2e <2017-04-15>
Babel <3.15> and hyphenation patterns for 75 language(s) loaded.
(svjour3.cls
Document Class: svjour3 2007/05/08 v3.2 
LaTeX document class for Springer journals
Class Springer-SVJour3 Info: extra/valid Springer sub-package (-> *.clo) 
(Springer-SVJour3)           not found in option list of \documentclass
(Springer-SVJour3)           - autoactivating "global" style.
(svglov3.clo
File: svglov3.clo 2009/12/18 v3.2 style option for standardised journals

SVJour Class option: svglov3.clo for standardised journals
)
LaTeX Font Info:    Redeclaring math symbol \Gamma on input line 147.
LaTeX Font Info:    Redeclaring math symbol \Delta on input line 148.
LaTeX Font Info:    Redeclaring math symbol \Theta on input line 149.
LaTeX Font Info:    Redeclaring math symbol \Lambda on input line 150.
LaTeX Font Info:    Redeclaring math symbol \Xi on input line 151.
LaTeX Font Info:    Redeclaring math symbol \Pi on input line 152.
LaTeX Font Info:    Redeclaring math symbol \Sigma on input line 153.
LaTeX Font Info:    Redeclaring math symbol \Upsilon on input line 154.
LaTeX Font Info:    Redeclaring math symbol \Phi on input line 155.
LaTeX Font Info:    Redeclaring math symbol \Psi on input line 156.
LaTeX Font Info:    Redeclaring math symbol \Omega on input line 157.
\logodepth=\dimen102
\headerboxheight=\dimen103
\betweenumberspace=\dimen104
\aftertext=\dimen105
\headlineindent=\dimen106
\c@inst=\count79
\c@auth=\count80
\instindent=\dimen107
\authrun=\box26
\authorrunning=\toks14
\titrun=\box27
\titlerunning=\toks15
\combirun=\box28
\c@lastpage=\count81
\rubricwidth=\dimen108
\c@section=\count82
\c@subsection=\count83
\c@subsubsection=\count84
\c@paragraph=\count85
\c@subparagraph=\count86
\spthmsep=\dimen109
\c@theorem=\count87
\c@case=\count88
\c@conjecture=\count89
\c@corollary=\count90
\c@definition=\count91
\c@example=\count92
\c@exercise=\count93
\c@lemma=\count94
\c@note=\count95
\c@problem=\count96
\c@property=\count97
\c@proposition=\count98
\c@question=\count99
\c@solution=\count100
\c@remark=\count101
\c@figure=\count102
\c@table=\count103
\abovecaptionskip=\skip41
\belowcaptionskip=\skip42
\figcapgap=\dimen110
\tabcapgap=\dimen111
\figgap=\dimen112
\bibindent=\dimen113
\@tempcntc=\count104
) ("C:\Program Files\MiKTeX 2.9\tex\latex\amsmath\amsmath.sty"
Package: amsmath 2017/09/02 v2.17a AMS math features
\@mathmargin=\skip43

For additional information on amsmath, use the `?' option.
("C:\Program Files\MiKTeX 2.9\tex\latex\amsmath\amstext.sty"
Package: amstext 2000/06/29 v2.01 AMS text

("C:\Program Files\MiKTeX 2.9\tex\latex\amsmath\amsgen.sty"
File: amsgen.sty 1999/11/30 v2.0 generic functions
\@emptytoks=\toks16
\ex@=\dimen114
))
("C:\Program Files\MiKTeX 2.9\tex\latex\amsmath\amsbsy.sty"
Package: amsbsy 1999/11/29 v1.2d Bold Symbols
\pmbraise@=\dimen115
)
("C:\Program Files\MiKTeX 2.9\tex\latex\amsmath\amsopn.sty"
Package: amsopn 2016/03/08 v2.02 operator names
)
\inf@bad=\count105
LaTeX Info: Redefining \frac on input line 213.
\uproot@=\count106
\leftroot@=\count107
LaTeX Info: Redefining \overline on input line 375.
\classnum@=\count108
\DOTSCASE@=\count109
LaTeX Info: Redefining \ldots on input line 472.
LaTeX Info: Redefining \dots on input line 475.
LaTeX Info: Redefining \cdots on input line 596.
\Mathstrutbox@=\box29
\strutbox@=\box30
\big@size=\dimen116
LaTeX Font Info:    Redeclaring font encoding OML on input line 712.
LaTeX Font Info:    Redeclaring font encoding OMS on input line 713.


Package amsmath Warning: Unable to redefine math accent \vec.

\macc@depth=\count110
\c@MaxMatrixCols=\count111
\dotsspace@=\muskip10
\c@parentequation=\count112
\dspbrk@lvl=\count113
\tag@help=\toks17
\row@=\count114
\column@=\count115
\maxfields@=\count116
\andhelp@=\toks18
\eqnshift@=\dimen117
\alignsep@=\dimen118
\tagshift@=\dimen119
\tagwidth@=\dimen120
\totwidth@=\dimen121
\lineht@=\dimen122
\@envbody=\toks19
\multlinegap=\skip44
\multlinetaggap=\skip45
\mathdisplay@stack=\toks20
LaTeX Info: Redefining \[ on input line 2817.
LaTeX Info: Redefining \] on input line 2818.
) ("C:\Program Files\MiKTeX 2.9\tex\latex\graphics\graphicx.sty"
Package: graphicx 2017/06/01 v1.1a Enhanced LaTeX Graphics (DPC,SPQR)

("C:\Program Files\MiKTeX 2.9\tex\latex\graphics\keyval.sty"
Package: keyval 2014/10/28 v1.15 key=value parser (DPC)
\KV@toks@=\toks21
)
("C:\Program Files\MiKTeX 2.9\tex\latex\graphics\graphics.sty"
Package: graphics 2017/06/25 v1.2c Standard LaTeX Graphics (DPC,SPQR)

("C:\Program Files\MiKTeX 2.9\tex\latex\graphics\trig.sty"
Package: trig 2016/01/03 v1.10 sin cos tan (DPC)
)
("C:\Program Files\MiKTeX 2.9\tex\latex\graphics-cfg\graphics.cfg"
File: graphics.cfg 2016/06/04 v1.11 sample graphics configuration
)
Package graphics Info: Driver file: pdftex.def on input line 99.

("C:\Program Files\MiKTeX 2.9\tex\latex\graphics-def\pdftex.def"
File: pdftex.def 2017/06/24 v1.0g Graphics/color driver for pdftex
))
\Gin@req@height=\dimen123
\Gin@req@width=\dimen124
)
(C:\Users\hees\AppData\Roaming\MiKTeX\2.9\tex\latex\url\url.sty
\Urlmuskip=\muskip11
Package: url 2013/09/16  ver 3.4  Verb mode for urls, etc.
)
("C:\Program Files\MiKTeX 2.9\tex\latex\hyperref\hyperref.sty"
Package: hyperref 2017/03/14 v6.85a Hypertext links for LaTeX

("C:\Program Files\MiKTeX 2.9\tex\generic\oberdiek\hobsub-hyperref.sty"
Package: hobsub-hyperref 2016/05/16 v1.14 Bundle oberdiek, subset hyperref (HO)


("C:\Program Files\MiKTeX 2.9\tex\generic\oberdiek\hobsub-generic.sty"
Package: hobsub-generic 2016/05/16 v1.14 Bundle oberdiek, subset generic (HO)
Package: hobsub 2016/05/16 v1.14 Construct package bundles (HO)
Package: infwarerr 2016/05/16 v1.4 Providing info/warning/error messages (HO)
Package: ltxcmds 2016/05/16 v1.23 LaTeX kernel commands for general use (HO)
Package: ifluatex 2016/05/16 v1.4 Provides the ifluatex switch (HO)
Package ifluatex Info: LuaTeX not detected.
Package: ifvtex 2016/05/16 v1.6 Detect VTeX and its facilities (HO)
Package ifvtex Info: VTeX not detected.
Package: intcalc 2016/05/16 v1.2 Expandable calculations with integers (HO)
Package: ifpdf 2017/03/15 v3.2 Provides the ifpdf switch
Package: etexcmds 2016/05/16 v1.6 Avoid name clashes with e-TeX commands (HO)
Package etexcmds Info: Could not find \expanded.
(etexcmds)             That can mean that you are not using pdfTeX 1.50 or
(etexcmds)             that some package has redefined \expanded.
(etexcmds)             In the latter case, load this package earlier.
Package: kvsetkeys 2016/05/16 v1.17 Key value parser (HO)
Package: kvdefinekeys 2016/05/16 v1.4 Define keys (HO)
Package: pdftexcmds 2017/03/19 v0.25 Utility functions of pdfTeX for LuaTeX (HO
)
Package pdftexcmds Info: LuaTeX not detected.
Package pdftexcmds Info: \pdf@primitive is available.
Package pdftexcmds Info: \pdf@ifprimitive is available.
Package pdftexcmds Info: \pdfdraftmode found.
Package: pdfescape 2016/05/16 v1.14 Implements pdfTeX's escape features (HO)
Package: bigintcalc 2016/05/16 v1.4 Expandable calculations on big integers (HO
)
Package: bitset 2016/05/16 v1.2 Handle bit-vector datatype (HO)
Package: uniquecounter 2016/05/16 v1.3 Provide unlimited unique counter (HO)
)
Package hobsub Info: Skipping package `hobsub' (already loaded).
Package: letltxmacro 2016/05/16 v1.5 Let assignment for LaTeX macros (HO)
Package: hopatch 2016/05/16 v1.3 Wrapper for package hooks (HO)
Package: xcolor-patch 2016/05/16 xcolor patch
Package: atveryend 2016/05/16 v1.9 Hooks at the very end of document (HO)
Package atveryend Info: \enddocument detected (standard20110627).
Package: atbegshi 2016/06/09 v1.18 At begin shipout hook (HO)
Package: refcount 2016/05/16 v3.5 Data extraction from label references (HO)
Package: hycolor 2016/05/16 v1.8 Color options for hyperref/bookmark (HO)
)
("C:\Program Files\MiKTeX 2.9\tex\generic\ifxetex\ifxetex.sty"
Package: ifxetex 2010/09/12 v0.6 Provides ifxetex conditional
)
("C:\Program Files\MiKTeX 2.9\tex\latex\oberdiek\auxhook.sty"
Package: auxhook 2016/05/16 v1.4 Hooks for auxiliary files (HO)
)
("C:\Program Files\MiKTeX 2.9\tex\latex\oberdiek\kvoptions.sty"
Package: kvoptions 2016/05/16 v3.12 Key value format for package options (HO)
)
\@linkdim=\dimen125
\Hy@linkcounter=\count117
\Hy@pagecounter=\count118

("C:\Program Files\MiKTeX 2.9\tex\latex\hyperref\pd1enc.def"
File: pd1enc.def 2017/03/14 v6.85a Hyperref: PDFDocEncoding definition (HO)
)
\Hy@SavedSpaceFactor=\count119

("C:\Program Files\MiKTeX 2.9\tex\latex\00miktex\hyperref.cfg"
File: hyperref.cfg 2002/06/06 v1.2 hyperref configuration of TeXLive
)
Package hyperref Info: Hyper figures OFF on input line 4498.
Package hyperref Info: Link nesting OFF on input line 4503.
Package hyperref Info: Hyper index ON on input line 4506.
Package hyperref Info: Plain pages OFF on input line 4513.
Package hyperref Info: Backreferencing OFF on input line 4518.
Package hyperref Info: Implicit mode ON; LaTeX internals redefined.
Package hyperref Info: Bookmarks ON on input line 4751.
\c@Hy@tempcnt=\count120
LaTeX Info: Redefining \url on input line 5104.
\XeTeXLinkMargin=\dimen126
\Fld@menulength=\count121
\Field@Width=\dimen127
\Fld@charsize=\dimen128
Package hyperref Info: Hyper figures OFF on input line 6358.
Package hyperref Info: Link nesting OFF on input line 6363.
Package hyperref Info: Hyper index ON on input line 6366.
Package hyperref Info: backreferencing OFF on input line 6373.
Package hyperref Info: Link coloring OFF on input line 6378.
Package hyperref Info: Link coloring with OCG OFF on input line 6383.
Package hyperref Info: PDF/A mode OFF on input line 6388.
LaTeX Info: Redefining \ref on input line 6428.
LaTeX Info: Redefining \pageref on input line 6432.
\Hy@abspage=\count122
\c@Item=\count123
\c@Hfootnote=\count124
)

Package hyperref Message: Driver (autodetected): hpdftex.

("C:\Program Files\MiKTeX 2.9\tex\latex\hyperref\hpdftex.def"
File: hpdftex.def 2017/03/14 v6.85a Hyperref driver for pdfTeX
\Fld@listcount=\count125
\c@bookmark@seq@number=\count126

("C:\Program Files\MiKTeX 2.9\tex\latex\oberdiek\rerunfilecheck.sty"
Package: rerunfilecheck 2016/05/16 v1.8 Rerun checks for auxiliary files (HO)
Package uniquecounter Info: New unique counter `rerunfilecheck' on input line 2
82.
)
\Hy@SectionHShift=\skip46
)
("C:\Program Files\MiKTeX 2.9\tex\latex\amsfonts\amssymb.sty"
Package: amssymb 2013/01/14 v3.01 AMS font symbols

("C:\Program Files\MiKTeX 2.9\tex\latex\amsfonts\amsfonts.sty"
Package: amsfonts 2013/01/14 v3.01 Basic AMSFonts support
\symAMSa=\mathgroup4
\symAMSb=\mathgroup5
LaTeX Font Info:    Overwriting math alphabet `\mathfrak' in version `bold'
(Font)                  U/euf/m/n --> U/euf/b/n on input line 106.
))
(article_springer_submissionfile.aux

LaTeX Warning: Label `fig:thresholdedBursty' multiply defined.


LaTeX Warning: Label `fig:flare-diagnostics-1' multiply defined.


LaTeX Warning: Label `fig:flare-diagnostics-2' multiply defined.


LaTeX Warning: Label `fig:hazard' multiply defined.

)
\openout1 = `article_springer_submissionfile.aux'.

LaTeX Font Info:    Checking defaults for OML/cmm/m/it on input line 33.
LaTeX Font Info:    ... okay on input line 33.
LaTeX Font Info:    Checking defaults for T1/cmr/m/n on input line 33.
LaTeX Font Info:    ... okay on input line 33.
LaTeX Font Info:    Checking defaults for OT1/cmr/m/n on input line 33.
LaTeX Font Info:    ... okay on input line 33.
LaTeX Font Info:    Checking defaults for OMS/cmsy/m/n on input line 33.
LaTeX Font Info:    ... okay on input line 33.
LaTeX Font Info:    Checking defaults for OMX/cmex/m/n on input line 33.
LaTeX Font Info:    ... okay on input line 33.
LaTeX Font Info:    Checking defaults for U/cmr/m/n on input line 33.
LaTeX Font Info:    ... okay on input line 33.
LaTeX Font Info:    Checking defaults for PD1/pdf/m/n on input line 33.
LaTeX Font Info:    ... okay on input line 33.

Unknown journal: specify \journalname{<name of your journal>} in preambel

(C:\Users\hees\AppData\Roaming\MiKTeX\2.9\tex\context\base\supp-pdf.mkii
[Loading MPS to PDF converter (version 2006.09.02).]
\scratchcounter=\count127
\scratchdimen=\dimen129
\scratchbox=\box31
\nofMPsegments=\count128
\nofMParguments=\count129
\everyMPshowfont=\toks22
\MPscratchCnt=\count130
\MPscratchDim=\dimen130
\MPnumerator=\count131
\makeMPintoPDFobject=\count132
\everyMPtoPDFconversion=\toks23
) ("C:\Program Files\MiKTeX 2.9\tex\latex\oberdiek\epstopdf-base.sty"
Package: epstopdf-base 2016/05/15 v2.6 Base part for package epstopdf

("C:\Program Files\MiKTeX 2.9\tex\latex\oberdiek\grfext.sty"
Package: grfext 2016/05/16 v1.2 Manage graphics extensions (HO)
)
Package epstopdf-base Info: Redefining graphics rule for `.eps' on input line 4
38.
Package grfext Info: Graphics extension search list:
(grfext)             [.pdf,.png,.jpg,.mps,.jpeg,.jbig2,.jb2,.PDF,.PNG,.JPG,.JPE
G,.JBIG2,.JB2,.eps]
(grfext)             \AppendGraphicsExtensions on input line 456.
)
\AtBeginShipoutBox=\box32
Package hyperref Info: Link coloring OFF on input line 33.

("C:\Program Files\MiKTeX 2.9\tex\latex\hyperref\nameref.sty"
Package: nameref 2016/05/21 v2.44 Cross-referencing by name of section

("C:\Program Files\MiKTeX 2.9\tex\generic\oberdiek\gettitlestring.sty"
Package: gettitlestring 2016/05/16 v1.5 Cleanup title references (HO)
)
\c@section@level=\count133
)
LaTeX Info: Redefining \ref on input line 33.
LaTeX Info: Redefining \pageref on input line 33.
LaTeX Info: Redefining \nameref on input line 33.

(article_springer_submissionfile.out) (article_springer_submissionfile.out)
\@outlinefile=\write3
\openout3 = `article_springer_submissionfile.out'.


SVJour3 warning: Missing \journalname

LaTeX Font Warning: Font shape `OT1/cmr/bx/n' in size <13> not available
(Font)              size <12> substituted on input line 70.

LaTeX Font Info:    Try loading font information for U+msa on input line 70.
("C:\Program Files\MiKTeX 2.9\tex\latex\amsfonts\umsa.fd"
File: umsa.fd 2013/01/14 v3.01 AMS symbols A
)
LaTeX Font Info:    Try loading font information for U+msb on input line 70.

("C:\Program Files\MiKTeX 2.9\tex\latex\amsfonts\umsb.fd"
File: umsb.fd 2013/01/14 v3.01 AMS symbols B
)
Underfull \hbox (badness 10000) in paragraph at lines 78--94

 []


Underfull \vbox (badness 1502) has occurred while \output is active []

 [1{C:/Users/hees/AppData/Local/MiKTeX/2.9/pdftex/config/pdftex.map}]
Missing character: There is no Ã in font cmr10!
Missing character: There is no ¡ in font cmr10!
Missing character: There is no Ã in font cmr10!
Missing character: There is no ¡ in font cmr10!
Missing character: There is no Ã in font cmr10!
Missing character: There is no ³ in font cmr10!
Missing character: There is no Ã in font cmr10!
Missing character: There is no © in font cmr10!
Missing character: There is no Ã in font cmr10!
Missing character: There is no ³ in font cmr10!
Missing character: There is no Ã in font cmr10!
Missing character: There is no © in font cmr10!
Missing character: There is no Ã in font cmr10!
Missing character: There is no ¼ in font cmr10!
Missing character: There is no Å in font cmr10!
Missing character: There is no   in font cmr10!
Missing character: There is no Ä in font cmr10!
Missing character: There is no ‡ in font cmr10!
Missing character: There is no Ã in font cmr10!
Missing character: There is no ¼ in font cmr10!
 [2] [3]
<article_springer_files/figure-latex/thresholdedBursty-1.pdf, id=72, pagebox=cr
opbox, 650.43pt x 505.89pt>
File: article_springer_files/figure-latex/thresholdedBursty-1.pdf Graphic file 
(type pdf)
<use article_springer_files/figure-latex/thresholdedBursty-1.pdf>
Package pdftex.def Info: article_springer_files/figure-latex/thresholdedBursty-
1.pdf  used on input line 217. on input line 217.
Package pdftex.def Info: Requested size: 338.0pt x 262.89449pt on input line 21
7.
 [4 <./article_springer_files/figure-latex/thresholdedBursty-1.pdf>] [5]
Missing character: There is no Ã in font cmr10!
Missing character: There is no ¼ in font cmr10!


! LaTeX Error: File `article_springer_files/figure-latex/fig:QQ-plots-1' not fo
und.

See the LaTeX manual or LaTeX Companion for explanation.
Type  H <return>  for immediate help.
 ...                                              
                                                  
l.352 ...ringer_files/figure-latex/fig:QQ-plots-1}
                                                   \caption{Pareto vs. Mitta...

I could not locate the file with any of these extensions:
.pdf,.png,.jpg,.mps,.jpeg,.jbig2,.jb2,.PDF,.PNG,.JPG,.JPEG,.JBIG2,.JB2,.eps
Try typing  <return>  to proceed.
If that doesn't work, type  X <return>  to quit.

[6]
Overfull \hbox (9.0562pt too wide) in paragraph at lines 383--389
\OT1/cmr/m/n/10 able to de-tect a heavy-tailed Mittag-Leffler dis-tri-bu-tion. 
More-over, QQ-estimator
 []

[7]
<article_springer_files/figure-latex/solar-flare-tail-scale-1.pdf, id=118, page
box=cropbox, 469.755pt x 216.81pt>
File: article_springer_files/figure-latex/solar-flare-tail-scale-1.pdf Graphic 
file (type pdf)
<use article_springer_files/figure-latex/solar-flare-tail-scale-1.pdf>
Package pdftex.def Info: article_springer_files/figure-latex/solar-flare-tail-s
cale-1.pdf  used on input line 412. on input line 412.
Package pdftex.def Info: Requested size: 338.0pt x 156.00052pt on input line 41
2.
 [8 <./article_springer_files/figure-latex/solar-flare-tail-scale-1.pdf>]
<article_springer_files/figure-latex/flare-diagnostics-1-1.pdf, id=137, pagebox
=cropbox, 469.755pt x 505.89pt>
File: article_springer_files/figure-latex/flare-diagnostics-1-1.pdf Graphic fil
e (type pdf)
<use article_springer_files/figure-latex/flare-diagnostics-1-1.pdf>
Package pdftex.def Info: article_springer_files/figure-latex/flare-diagnostics-
1-1.pdf  used on input line 489. on input line 489.
Package pdftex.def Info: Requested size: 338.0pt x 364.0012pt on input line 489
.
<article_springer_files/figure-latex/flare-diagnostics-2-1.pdf, id=138, pagebox
=cropbox, 469.755pt x 216.81pt>
File: article_springer_files/figure-latex/flare-diagnostics-2-1.pdf Graphic fil
e (type pdf)
<use article_springer_files/figure-latex/flare-diagnostics-2-1.pdf>
Package pdftex.def Info: article_springer_files/figure-latex/flare-diagnostics-
2-1.pdf  used on input line 493. on input line 493.
Package pdftex.def Info: Requested size: 338.0pt x 156.00052pt on input line 49
3.

[9] [10 <./article_springer_files/figure-latex/flare-diagnostics-1-1.pdf>]
<article_springer_files/figure-latex/hazard-1.pdf, id=159, pagebox=cropbox, 469
.755pt x 252.945pt>
File: article_springer_files/figure-latex/hazard-1.pdf Graphic file (type pdf)
<use article_springer_files/figure-latex/hazard-1.pdf>
Package pdftex.def Info: article_springer_files/figure-latex/hazard-1.pdf  used
 on input line 553. on input line 553.
Package pdftex.def Info: Requested size: 338.0pt x 182.00061pt on input line 55
3.

[11 <./article_springer_files/figure-latex/flare-diagnostics-2-1.pdf>] [12 <./a
rticle_springer_files/figure-latex/hazard-1.pdf>] [13]
<article_springer_files/figure-latex/simulated-example-1.pdf, id=189, pagebox=c
ropbox, 469.755pt x 216.81pt>
File: article_springer_files/figure-latex/simulated-example-1.pdf Graphic file 
(type pdf)
<use article_springer_files/figure-latex/simulated-example-1.pdf>
Package pdftex.def Info: article_springer_files/figure-latex/simulated-example-
1.pdf  used on input line 648. on input line 648.
Package pdftex.def Info: Requested size: 338.0pt x 156.00052pt on input line 64
8.

(article_springer_submissionfile.bbl

LaTeX Warning: Empty `thebibliography' environment on input line 11.

)
Missing character: There is no Ã in font cmr8!
Missing character: There is no ¡ in font cmr8!
Missing character: There is no Ã in font cmr8!
Missing character: There is no ¡ in font cmr8!
Missing character: There is no Ã in font cmr8!
Missing character: There is no ³ in font cmr8!
Missing character: There is no Å in font cmr8!
Missing character: There is no   in font cmr8!
Missing character: There is no Ä in font cmr8!
Missing character: There is no ‡ in font cmr8!

Overfull \hbox (64.36752pt too wide) in paragraph at lines 707--711
\OT1/cmr/m/n/8 treme events with power-law in-ter-ar-rival times.'' \OT1/cmr/m/
it/8 Geo-phys. Res. Lett. \OT1/cmr/m/n/8 34 (l16404): DOI:10.1029/2007GL030767.

 []


Overfull \hbox (65.42505pt too wide) in paragraph at lines 728--731
[]\OT1/cmr/m/n/8 Esary, J. D., and A. W. Mar-shall. 1973. ``Shock Mod-els and W
ear Pro-cesses.'' doi:[]10.1214/aop/1176996891[]. 
 []

Missing character: There is no Ã in font cmr8!
Missing character: There is no ¼ in font cmr8!
Missing character: There is no Ã in font cmr8!
Missing character: There is no ¼ in font cmr8!

Overfull \hbox (6.65576pt too wide) in paragraph at lines 764--767
[]\OT1/cmr/m/n/8 ---------. 2017. ``Cou-pled Con-tin-u-ous Time Ran-dom Max-ima
.'' \OT1/cmr/m/it/8 Ex-tremes\OT1/cmr/m/n/8 , no. June (Septem-
 []

Missing character: There is no Ã in font cmr8!
Missing character: There is no ¼ in font cmr8!
Missing character: There is no Ã in font cmr8!
Missing character: There is no ¡ in font cmr8!
Missing character: There is no Ã in font cmr8!
Missing character: There is no ¡ in font cmr8!
Missing character: There is no Ã in font cmr8!
Missing character: There is no ³ in font cmr8!
Missing character: There is no Ã in font cmr8!
Missing character: There is no ¡ in font cmr8!
Missing character: There is no Ã in font cmr8!
Missing character: There is no ¡ in font cmr8!
Missing character: There is no Ã in font cmr8!
Missing character: There is no © in font cmr8!
Missing character: There is no Ã in font cmr8!
Missing character: There is no ¡ in font cmr8!
Missing character: There is no Ã in font cmr8!
Missing character: There is no ¤ in font cmr8!
Missing character: There is no Ã in font cmr8!
Missing character: There is no © in font cmr8!
Missing character: There is no Ã in font cmr8!
Missing character: There is no ¡ in font cmr8!
Missing character: There is no Ã in font cmr8!
Missing character: There is no ³ in font cmr8!
Missing character: There is no Ã in font cmr8!
Missing character: There is no ¡ in font cmr8!
Missing character: There is no Ã in font cmr8!
Missing character: There is no ¤ in font cmr8!

Overfull \hbox (43.75967pt too wide) in paragraph at lines 779--784
\OT1/cmr/m/n/8 spread-ing.'' \OT1/cmr/m/it/8 Phys. Rev. E - Stat. Non-lin-ear, 
Soft Mat-ter Phys. \OT1/cmr/m/n/8 83: 1--4. doi:[]10.1103/PhysRevE.83.025102[].
 
 []


Underfull \vbox (badness 10000) has occurred while \output is active []

 [14 <./article_springer_files/figure-latex/simulated-example-1.pdf>]
Overfull \vbox (0.2518pt too high) has occurred while \output is active []


[15]
Overfull \hbox (23.41693pt too wide) in paragraph at lines 814--818
\OT1/cmr/m/n/8 cess and the in-verse sta-ble sub-or-di-na-tor.'' \OT1/cmr/m/it/
8 Elec-tron. J. Probab. \OT1/cmr/m/n/8 16: 1600--1620. doi:[]10.1214/EJP.v16-
 []

Missing character: There is no Ã in font cmr8!
Missing character: There is no ¡ in font cmr8!
Missing character: There is no Ã in font cmr8!
Missing character: There is no ³ in font cmr8!
Missing character: There is no Ã in font cmr8!
Missing character: There is no ¡ in font cmr8!

Overfull \hbox (43.13942pt too wide) in paragraph at lines 882--886
\OT1/cmr/m/n/8 pro-cesses with re-newal stop-ping.'' \OT1/cmr/m/it/8 Ann. Appl.
 Probab. \OT1/cmr/m/n/8 14 (4): 1838--68. doi:[]10.1214/105051604000000215[]. 
 []

Missing character: There is no Ã in font cmr8!
Missing character: There is no ¡ in font cmr8!
Missing character: There is no Ã in font cmr8!
Missing character: There is no ³ in font cmr8!
Missing character: There is no Ã in font cmr8!
Missing character: There is no ¡ in font cmr8!
Missing character: There is no Ã in font cmr8!
Missing character: There is no © in font cmr8!
Missing character: There is no Ã in font cmr8!
Missing character: There is no ¡ in font cmr8!
Missing character: There is no Ã in font cmr8!
Missing character: There is no ³ in font cmr8!
Missing character: There is no Ã in font cmr8!
Missing character: There is no ¡ in font cmr8!
Missing character: There is no Ã in font cmr8!
Missing character: There is no ¡ in font cmr8!
Missing character: There is no Ã in font cmr8!
Missing character: There is no ¡ in font cmr8!
Missing character: There is no Ã in font cmr8!
Missing character: There is no ¡ in font cmr8!
Missing character: There is no Ã in font cmr8!
Missing character: There is no ¡ in font cmr8!
Missing character: There is no Ã in font cmr8!
Missing character: There is no ¡ in font cmr8!
Missing character: There is no Ã in font cmr8!
Missing character: There is no ³ in font cmr8!
Missing character: There is no Ã in font cmr8!
Missing character: There is no ¡ in font cmr8!
Package atveryend Info: Empty hook `BeforeClearDocument' on input line 911.
[16]
Package atveryend Info: Empty hook `AfterLastShipout' on input line 911.
 (article_springer_submissionfile.aux)
Package atveryend Info: Executing hook `AtVeryEndDocument' on input line 911.
Package atveryend Info: Executing hook `AtEndAfterFileList' on input line 911.
Package rerunfilecheck Info: File `article_springer_submissionfile.out' has not
 changed.
(rerunfilecheck)             Checksum: 51E423EE4A6B08436A3E3E0D02D80691;638.


LaTeX Font Warning: Size substitutions with differences
(Font)              up to 1.0pt have occurred.


LaTeX Warning: There were multiply-defined labels.

Package atveryend Info: Empty hook `AtVeryVeryEnd' on input line 911.
 ) 
Here is how much of TeX's memory you used:
 6376 strings out of 493312
 91941 string characters out of 3138902
 185355 words of memory out of 3000000
 9753 multiletter control sequences out of 15000+200000
 13456 words of font info for 51 fonts, out of 3000000 for 9000
 1141 hyphenation exceptions out of 8191
 28i,15n,28p,650b,381s stack positions out of 5000i,500n,10000p,200000b,50000s
<C:/Program Files/MiKTeX 2.9/fonts/type1/public/amsfonts/cm/cmbsy10.pfb><C:/P
rogram Files/MiKTeX 2.9/fonts/type1/public/amsfonts/cm/cmbx10.pfb><C:/Program F
iles/MiKTeX 2.9/fonts/type1/public/amsfonts/cm/cmbx12.pfb><C:/Program Files/MiK
TeX 2.9/fonts/type1/public/amsfonts/cm/cmbx8.pfb><C:/Program Files/MiKTeX 2.9/f
onts/type1/public/amsfonts/cm/cmex10.pfb><C:/Program Files/MiKTeX 2.9/fonts/typ
e1/public/amsfonts/cm/cmmi10.pfb><C:/Program Files/MiKTeX 2.9/fonts/type1/publi
c/amsfonts/cm/cmmi6.pfb><C:/Program Files/MiKTeX 2.9/fonts/type1/public/amsfont
s/cm/cmmi7.pfb><C:/Program Files/MiKTeX 2.9/fonts/type1/public/amsfonts/cm/cmmi
8.pfb><C:/Program Files/MiKTeX 2.9/fonts/type1/public/amsfonts/cm/cmr10.pfb><C:
/Program Files/MiKTeX 2.9/fonts/type1/public/amsfonts/cm/cmr6.pfb><C:/Program F
iles/MiKTeX 2.9/fonts/type1/public/amsfonts/cm/cmr7.pfb><C:/Program Files/MiKTe
X 2.9/fonts/type1/public/amsfonts/cm/cmr8.pfb><C:/Program Files/MiKTeX 2.9/font
s/type1/public/amsfonts/cm/cmsy10.pfb><C:/Program Files/MiKTeX 2.9/fonts/type1/
public/amsfonts/cm/cmsy5.pfb><C:/Program Files/MiKTeX 2.9/fonts/type1/public/am
sfonts/cm/cmsy6.pfb><C:/Program Files/MiKTeX 2.9/fonts/type1/public/amsfonts/cm
/cmsy7.pfb><C:/Program Files/MiKTeX 2.9/fonts/type1/public/amsfonts/cm/cmsy8.pf
b><C:/Program Files/MiKTeX 2.9/fonts/type1/public/amsfonts/cm/cmti10.pfb><C:/Pr
ogram Files/MiKTeX 2.9/fonts/type1/public/amsfonts/cm/cmti8.pfb><C:/Program Fil
es/MiKTeX 2.9/fonts/type1/public/amsfonts/cm/cmtt10.pfb><C:/Program Files/MiKTe
X 2.9/fonts/type1/public/amsfonts/cm/cmtt8.pfb><C:/Program Files/MiKTeX 2.9/fon
ts/type1/public/amsfonts/symbols/msbm10.pfb><C:/Program Files/MiKTeX 2.9/fonts/
type1/public/amsfonts/symbols/msbm7.pfb>
Output written on article_springer_submissionfile.pdf (16 pages, 527951 bytes).

PDF statistics:
 391 PDF objects out of 1000 (max. 8388607)
 89 named destinations out of 1000 (max. 500000)
 103 words of extra memory for PDF output out of 10000 (max. 10000000)

